<?xml version="1.0" encoding="UTF-8"?>
<!-- Generated by org.testng.reporters.JUnitReportReporter -->
<testsuite hostname="DESKTOP-KETPKEV" failures="0" tests="4" name="checkout.CheckoutTests" time="8.640" errors="0" timestamp="22 Nov 2023 17:02:42 GMT" skipped="0">
  <testcase classname="checkout.CheckoutTests" name="testCheckoutProcess" time="0.926"/>
  <testcase classname="checkout.CheckoutTests" name="testSuccessfulOrderText" time="1.798"/>
  <testcase classname="checkout.CheckoutTests" name="testMailsOfBillAndShipAddresses" time="5.811"/>
  <testcase classname="checkout.CheckoutTests" name="testPhoneOfBillAndShipAddresses" time="0.105"/>
</testsuite> <!-- checkout.CheckoutTests -->
