<?xml version="1.0" encoding="UTF-8"?>
<!-- Generated by org.testng.reporters.JUnitReportReporter -->
<testsuite hostname="DESKTOP-KETPKEV" failures="0" tests="2" name="shoppingCart.MacTests" time="2.911" errors="0" timestamp="22 Nov 2023 17:02:42 GMT" skipped="0">
  <testcase classname="shoppingCart.MacTests" name="testProductAddedNotification" time="2.767"/>
  <testcase classname="shoppingCart.MacTests" name="testMacPageTile" time="0.144"/>
</testsuite> <!-- shoppingCart.MacTests -->
