<?xml version="1.0" encoding="UTF-8"?>
<!-- Generated by org.testng.reporters.JUnitReportReporter -->
<testsuite hostname="DESKTOP-KETPKEV" failures="0" tests="2" name="shoppingCart.ShoppingCartTests" time="3.540" errors="0" timestamp="22 Nov 2023 17:02:43 GMT" skipped="0">
  <testcase classname="shoppingCart.ShoppingCartTests" name="testCompareProductPriceToTotal" time="0.254"/>
  <testcase classname="shoppingCart.ShoppingCartTests" name="testPricesAfterChangeQty" time="3.286"/>
</testsuite> <!-- shoppingCart.ShoppingCartTests -->
