<?xml version="1.0" encoding="UTF-8"?>
<!-- Generated by org.testng.reporters.JUnitReportReporter -->
<testsuite hostname="DESKTOP-KETPKEV" failures="0" tests="1" name="login.MyAccountTests" time="1.362" errors="0" timestamp="22 Nov 2023 17:02:42 GMT" skipped="0">
  <testcase classname="login.MyAccountTests" name="testMyAccountInfo" time="1.362"/>
</testsuite> <!-- login.MyAccountTests -->
