<?xml version="1.0" encoding="UTF-8"?>
<!-- Generated by org.testng.reporters.JUnitReportReporter -->
<testsuite hostname="DESKTOP-KETPKEV" failures="0" tests="1" name="cellphones.CellphonesTests" time="2.158" errors="0" timestamp="22 Nov 2023 17:02:42 GMT" skipped="0">
  <testcase classname="cellphones.CellphonesTests" name="testHover" time="2.158"/>
</testsuite> <!-- cellphones.CellphonesTests -->
