<?xml version="1.0" encoding="UTF-8"?>
<!-- Generated by org.testng.reporters.JUnitReportReporter -->
<testsuite hostname="DESKTOP-KETPKEV" failures="0" tests="1" name="login.LoginTests" time="1.214" errors="0" timestamp="22 Nov 2023 17:02:42 GMT" skipped="0">
  <testcase classname="login.LoginTests" name="testSuccessfulLogin" time="1.214"/>
</testsuite> <!-- login.LoginTests -->
