<?xml version="1.0" encoding="UTF-8"?>
<!-- Generated by org.testng.reporters.JUnitReportReporter -->
<testsuite hostname="DESKTOP-KETPKEV" failures="0" tests="1" name="login.MyHomePageTests" time="0.662" errors="0" timestamp="22 Nov 2023 17:02:42 GMT" skipped="0">
  <testcase classname="login.MyHomePageTests" name="checkMyHome" time="0.662"/>
</testsuite> <!-- login.MyHomePageTests -->
