<?xml version="1.0" encoding="UTF-8"?>
<!-- Generated by org.testng.reporters.JUnitReportReporter -->
<testsuite hostname="DESKTOP-KETPKEV" failures="0" tests="2" name="shoppingCart.ModifiedShoppingCartTests" time="2.386" errors="0" timestamp="22 Nov 2023 17:02:42 GMT" skipped="0">
  <testcase classname="shoppingCart.ModifiedShoppingCartTests" name="testRemoveMacProduct" time="2.258"/>
  <testcase classname="shoppingCart.ModifiedShoppingCartTests" name="testNewProductAppeared" time="0.128"/>
</testsuite> <!-- shoppingCart.ModifiedShoppingCartTests -->
